Dec 02, 2018 5:14:56 PM core.SortedLinkedList insert
INFO: Inserting: 1.0 Thread: Thread-2
Dec 02, 2018 5:14:56 PM core.SortedLinkedList insert
INFO: Inserting: 2.0 Thread: Thread-2
Dec 02, 2018 5:14:56 PM core.SortedLinkedList insert
INFO: Inserting: 3.0 Thread: Thread-2
Dec 02, 2018 5:14:56 PM core.SortedLinkedList print
INFO: Start iterating  Thread: Thread-4
Dec 02, 2018 5:14:56 PM core.SortedLinkedList print
INFO: Values: 1.0 2.0 3.0   Thread Thread-4
Dec 02, 2018 5:14:56 PM core.SortedLinkedList delete
INFO: Deleting: 1.0 Thread: Thread-3
Dec 02, 2018 5:14:56 PM core.SortedLinkedList delete
INFO: Deleting: 2.0 Thread: Thread-3
Dec 02, 2018 5:14:56 PM core.SortedLinkedList delete
INFO: Deleting: 3.0 Thread: Thread-3
Dec 02, 2018 5:14:56 PM core.SortedLinkedList delete
INFO: Deleting: 4.0 Thread: Thread-3
Dec 02, 2018 5:14:56 PM core.SortedLinkedList delete
INFO: Deleting: 5.0 Thread: Thread-3
Dec 02, 2018 5:14:56 PM core.SortedLinkedList insert
INFO: Inserting: 1.0 Thread: Thread-1
Dec 02, 2018 5:14:56 PM core.SortedLinkedList insert
INFO: Inserting: 2.0 Thread: Thread-1
Dec 02, 2018 5:14:56 PM core.SortedLinkedList insert
INFO: Inserting: 3.0 Thread: Thread-1
Dec 02, 2018 5:14:56 PM core.SortedLinkedList print
INFO: Start iterating  Thread: Thread-4
Dec 02, 2018 5:14:56 PM core.SortedLinkedList print
INFO: Values: 1.0 2.0 3.0   Thread Thread-4
Dec 02, 2018 5:14:56 PM core.SortedLinkedList insert
INFO: Inserting: 4.0 Thread: Thread-2
Dec 02, 2018 5:14:57 PM core.SortedLinkedList print
INFO: Start iterating  Thread: Thread-4
Dec 02, 2018 5:14:57 PM core.SortedLinkedList print
INFO: Values: 1.0 2.0 3.0 4.0   Thread Thread-4
Dec 02, 2018 5:14:57 PM core.SortedLinkedList insert
INFO: Inserting: 4.0 Thread: Thread-1
Dec 02, 2018 5:14:57 PM core.SortedLinkedList print
INFO: Start iterating  Thread: Thread-4
Dec 02, 2018 5:14:58 PM core.SortedLinkedList print
INFO: Values: 1.0 2.0 3.0 4.0 4.0   Thread Thread-4
Dec 02, 2018 5:14:58 PM core.SortedLinkedList insert
INFO: Inserting: 5.0 Thread: Thread-2
Dec 02, 2018 5:14:58 PM core.SortedLinkedList print
INFO: Start iterating  Thread: Thread-4
Dec 02, 2018 5:14:59 PM core.SortedLinkedList print
INFO: Values: 1.0 2.0 3.0 4.0 4.0 5.0   Thread Thread-4
Dec 02, 2018 5:14:59 PM core.SortedLinkedList insert
INFO: Inserting: 5.0 Thread: Thread-1
Dec 02, 2018 5:15:00 PM core.SortedLinkedList insert
INFO: Inserting: 6.0 Thread: Thread-1
Dec 02, 2018 5:15:00 PM core.SortedLinkedList print
INFO: Start iterating  Thread: Thread-4
Dec 02, 2018 5:15:01 PM core.SortedLinkedList print
INFO: Values: 1.0 2.0 3.0 4.0 4.0 5.0 5.0 6.0   Thread Thread-4
Dec 02, 2018 5:15:01 PM core.SortedLinkedList insert
INFO: Inserting: 6.0 Thread: Thread-2
Dec 02, 2018 5:15:02 PM core.SortedLinkedList print
INFO: Start iterating  Thread: Thread-4
Dec 02, 2018 5:15:03 PM core.SortedLinkedList print
INFO: Values: 1.0 2.0 3.0 4.0 4.0 5.0 5.0 6.0 6.0   Thread Thread-4
Dec 02, 2018 5:15:03 PM core.SortedLinkedList insert
INFO: Inserting: 7.0 Thread: Thread-1
Dec 02, 2018 5:15:04 PM core.SortedLinkedList print
INFO: Start iterating  Thread: Thread-4
Dec 02, 2018 5:15:05 PM core.SortedLinkedList print
INFO: Values: 1.0 2.0 3.0 4.0 4.0 5.0 5.0 6.0 6.0 7.0   Thread Thread-4
Dec 02, 2018 5:15:05 PM core.SortedLinkedList insert
INFO: Inserting: 7.0 Thread: Thread-2
Dec 02, 2018 5:15:06 PM core.SortedLinkedList print
INFO: Start iterating  Thread: Thread-4
Dec 02, 2018 5:15:07 PM core.SortedLinkedList print
INFO: Values: 1.0 2.0 3.0 4.0 4.0 5.0 5.0 6.0 6.0 7.0 7.0   Thread Thread-4
Dec 02, 2018 5:15:07 PM core.SortedLinkedList insert
INFO: Inserting: 8.0 Thread: Thread-1
Dec 02, 2018 5:15:09 PM core.SortedLinkedList print
INFO: Start iterating  Thread: Thread-4
Dec 02, 2018 5:15:10 PM core.SortedLinkedList print
INFO: Values: 1.0 2.0 3.0 4.0 4.0 5.0 5.0 6.0 6.0 7.0 7.0 8.0   Thread Thread-4
Dec 02, 2018 5:15:10 PM core.SortedLinkedList insert
INFO: Inserting: 8.0 Thread: Thread-2
Dec 02, 2018 5:15:11 PM core.SortedLinkedList insert
INFO: Inserting: 9.0 Thread: Thread-2
Dec 02, 2018 5:15:13 PM core.SortedLinkedList print
INFO: Start iterating  Thread: Thread-4
Dec 02, 2018 5:15:14 PM core.SortedLinkedList print
INFO: Values: 1.0 2.0 3.0 4.0 4.0 5.0 5.0 6.0 6.0 7.0 7.0 8.0 8.0 9.0   Thread Thread-4
Dec 02, 2018 5:15:14 PM core.SortedLinkedList insert
INFO: Inserting: 9.0 Thread: Thread-1
Dec 02, 2018 5:15:16 PM core.SortedLinkedList insert
INFO: Inserting: 10.0 Thread: Thread-1
Dec 02, 2018 5:15:17 PM core.SortedLinkedList print
INFO: Start iterating  Thread: Thread-4
Dec 02, 2018 5:15:19 PM core.SortedLinkedList print
INFO: Values: 1.0 2.0 3.0 4.0 4.0 5.0 5.0 6.0 6.0 7.0 7.0 8.0 8.0 9.0 9.0 10.0   Thread Thread-4
Dec 02, 2018 5:15:19 PM core.SortedLinkedList insert
INFO: Inserting: 10.0 Thread: Thread-2
Dec 02, 2018 5:15:21 PM core.SortedLinkedList print
INFO: Start iterating  Thread: Thread-4
Dec 02, 2018 5:15:23 PM core.SortedLinkedList print
INFO: Values: 1.0 2.0 3.0 4.0 4.0 5.0 5.0 6.0 6.0 7.0 7.0 8.0 8.0 9.0 9.0 10.0 10.0   Thread Thread-4
Dec 02, 2018 5:15:23 PM core.SortedLinkedList print
INFO: Start iterating  Thread: main
Dec 02, 2018 5:15:25 PM core.SortedLinkedList print
INFO: Values: 1.0 2.0 3.0 4.0 4.0 5.0 5.0 6.0 6.0 7.0 7.0 8.0 8.0 9.0 9.0 10.0 10.0   Thread main
Dec 02, 2018 5:15:25 PM core.SortedLinkedList print
INFO: Start iterating  Thread: Thread-4
